"../../Plugins/2D/Paper2D/Content/PlaceholderTextures/DummySpriteTexture.uasset" 0
"../../Plugins/2D/Paper2D/Content/PlaceholderTextures/FlatNormalMap.uasset" 1
"E:/dev/unreal/FungusFarm 4.25/Content/FungusFarm/Assets/Materials/FF_DefaultLitSpriteMaterial.uasset" 2
"E:/dev/unreal/FungusFarm 4.25/Content/FungusFarm/Assets/Textures/Spore_01.uasset" 3
"E:/dev/unreal/FungusFarm 4.25/Content/FungusFarm/Assets/Materials/FF_TextureLitTrasnsparent_Mat.uasset" 4
"../../Plugins/2D/Paper2D/Content/DefaultLitSpriteMaterial.uasset" 5
"E:/dev/unreal/FungusFarm 4.25/Content/FungusFarm/Assets/Materials/FF_TranslucentLitSpriteMaterial.uasset" 6
"../../../Engine/Content/EngineResources/WhiteSquareTexture.uasset" 7
"E:/dev/unreal/FungusFarm 4.25/Content/FungusFarm/Assets/Materials/Widget3DPassThrough.uasset" 8
"E:/dev/unreal/FungusFarm 4.25/Content/FungusFarm/Assets/Materials/FF_Widget3DPassThrough_Opaque.uasset" 9
"E:/dev/unreal/FungusFarm 4.25/Content/FungusFarm/Assets/Materials/FF_Widget3DPassThrough_Masked_OneSided.uasset" 10
"../../Plugins/2D/Paper2D/Content/DefaultSpriteMaterial.uasset" 11
"E:/dev/unreal/FungusFarm 4.25/Content/FungusFarm/Assets/Materials/FFDefaultSpritePhysMaterial.uasset" 12
"E:/dev/unreal/FungusFarm 4.25/Content/FungusFarm/Assets/Materials/MaskedUnlitSpriteMaterial.uasset" 13
"E:/dev/unreal/FungusFarm 4.25/Content/FungusFarm/Assets/Materials/NewMaterial.uasset" 14
"E:/dev/unreal/FungusFarm 4.25/Content/FungusFarm/Assets/Textures/Spore_01_sm.uasset" 15
"E:/dev/unreal/FungusFarm 4.25/Content/FungusFarm/Assets/Materials/DefaultSporeParticle.uasset" 16
"E:/dev/unreal/FungusFarm 4.25/Content/FungusFarm/Assets/Materials/SporeParticleRed_Inst.uasset" 17
"E:/dev/unreal/FungusFarm 4.25/Content/FungusFarm/Assets/Materials/Widget3DPassThrough_Masked_OneSided_NoEmis.uasset" 18
"E:/dev/unreal/FungusFarm 4.25/Content/FungusFarm/Assets/Materials/SporeParticleWhite_Inst.uasset" 19
"E:/dev/unreal/FungusFarm 4.25/Content/FungusFarm/Assets/Particles/SporesBasic1.uasset" 20
"../../../Engine/Content/Functions/Engine_MaterialFunctions01/Density/ExponentialDensity.uasset" 21
"../../../Engine/Content/Functions/Engine_MaterialFunctions01/Gradient/RadialGradientExponential.uasset" 22
"../../../Engine/Content/Functions/Engine_MaterialFunctions02/Utility/BreakOutFloat2Components.uasset" 23
"../../../Engine/Content/Functions/Engine_MaterialFunctions01/Texturing/ScaleUVsByCenter.uasset" 24
"../../../Engine/Content/Functions/Engine_MaterialFunctions02/Fresnel_Function.uasset" 25
"../../../Engine/Content/Functions/Engine_MaterialFunctions02/Utility/BreakOutFloat4Components.uasset" 26
"../../../Engine/Content/Functions/Engine_MaterialFunctions02/Utility/MakeFloat4.uasset" 27
"../../../Engine/Content/EngineMaterials/BlendFunc_DefBase.uasset" 28
"../../../Engine/Content/EngineMaterials/BlendFunc_DefBlend.uasset" 29
"../../../Engine/Content/Functions/Engine_MaterialFunctions03/Blends/Blend_Overlay.uasset" 30
"E:/dev/unreal/FungusFarm 4.25/Content/FungusFarm/Assets/Textures/Goods/Bottle03_Greywater.uasset" 31
"E:/dev/unreal/FungusFarm 4.25/Content/FungusFarm/Assets/Particles/GoodsChainExplode/GoodsChainExplode_Goods_M.uasset" 32
"E:/dev/unreal/FungusFarm 4.25/Content/FungusFarm/Assets/Textures/Goods/WaterDrop_Cyan_256.uasset" 33
"E:/dev/unreal/FungusFarm 4.25/Content/FungusFarm/Assets/Particles/GoodsChainExplode/GoodsChainExplode_Goods2_MI.uasset" 34
"E:/dev/unreal/FungusFarm 4.25/Content/FungusFarm/Assets/Particles/GoodsChainExplode/GoodsChainExplode_Goods_MI.uasset" 35
"E:/dev/unreal/FungusFarm 4.25/Content/FungusFarm/Assets/Sound/Effects/Scratch_04.uasset" 36
"../../../Engine/Content/EngineSounds/Master.uasset" 37
"../../../Engine/Content/EngineSounds/Duck_Normal_Attack_MixMod.uasset" 38
"../../../Engine/Content/EngineSounds/Special_Attack_PSM.uasset" 39
"../../../Engine/Content/EngineSounds/SFX.uasset" 40
"../../../Engine/Content/EngineSounds/Normal_Attack.uasset" 41
"E:/dev/unreal/FungusFarm 4.25/Content/FungusFarm/Assets/Sound/FF_SM_Music.uasset" 42
"E:/dev/unreal/FungusFarm 4.25/Content/FungusFarm/Assets/Sound/FF_Music.uasset" 43
"E:/dev/unreal/FungusFarm 4.25/Content/FungusFarm/Assets/Sound/FF_Master.uasset" 44
"E:/dev/unreal/FungusFarm 4.25/Content/FungusFarm/Assets/Sound/FF_SM_SFX.uasset" 45
"E:/dev/unreal/FungusFarm 4.25/Content/FungusFarm/Assets/Sound/FF_SFX.uasset" 46
"E:/dev/unreal/FungusFarm 4.25/Content/FungusFarm/Assets/Sound/Effects/Scratch_04_Cue.uasset" 47
"E:/dev/unreal/FungusFarm 4.25/Content/FungusFarm/Assets/Sound/Songs/Chad_Crouch_-_European_Starling.uasset" 48
"E:/dev/unreal/FungusFarm 4.25/Content/FungusFarm/Assets/Sound/Songs/Chad_Crouch_-_Kestrel.uasset" 49
"E:/dev/unreal/FungusFarm 4.25/Content/FungusFarm/Assets/Sound/Songs/Chad_Crouch_-_Red-winged_Blackbird.uasset" 50
"E:/dev/unreal/FungusFarm 4.25/Content/FungusFarm/Assets/Sound/Songs/Chad_Crouch_-_Sandhill_Crane.uasset" 51
"E:/dev/unreal/FungusFarm 4.25/Content/FungusFarm/Assets/Sound/Songs/Chad_Crouch_-_Turkey_Vulture.uasset" 52
"E:/dev/unreal/FungusFarm 4.25/Content/FungusFarm/Assets/Materials/FF_MaskedLitSpriteMaterial.uasset" 53
"E:/dev/unreal/FungusFarm 4.25/Content/FungusFarm/Assets/Textures/blue_mycena.uasset" 54
"E:/dev/unreal/FungusFarm 4.25/Content/FungusFarm/Assets/Sprites/blue_mycena_Sprite.uasset" 55
"E:/dev/unreal/FungusFarm 4.25/Content/FungusFarm/Assets/Textures/Spirit_01.uasset" 56
"E:/dev/unreal/FungusFarm 4.25/Content/FungusFarm/Assets/Sprites/Spirit_01_Sprite.uasset" 57
"E:/dev/unreal/FungusFarm 4.25/Content/FungusFarm/Assets/Textures/WhiteButton_02.uasset" 58
"E:/dev/unreal/FungusFarm 4.25/Content/FungusFarm/Assets/Sprites/WhiteButton_02_Sprite.uasset" 59
"E:/dev/unreal/FungusFarm 4.25/Content/FungusFarm/Assets/Textures/Scenery/WoodPanel_01.uasset" 60
"E:/dev/unreal/FungusFarm 4.25/Content/FungusFarm/Assets/Sprites/WoodPanel_01_Sprite.uasset" 61
"E:/dev/unreal/FungusFarm 4.25/Content/FungusFarm/Assets/Textures/Aurum_512.uasset" 62
"E:/dev/unreal/FungusFarm 4.25/Content/FungusFarm/Assets/Textures/blue_mycena_cap.uasset" 63
"E:/dev/unreal/FungusFarm 4.25/Content/FungusFarm/Assets/Textures/CropCool01_512.uasset" 64
"E:/dev/unreal/FungusFarm 4.25/Content/FungusFarm/Assets/Textures/CropCool02_512.uasset" 65
"E:/dev/unreal/FungusFarm 4.25/Content/FungusFarm/Assets/Textures/CropCool03_512.uasset" 66
"E:/dev/unreal/FungusFarm 4.25/Content/FungusFarm/Assets/Textures/CropMoistDown01_512.uasset" 67
"E:/dev/unreal/FungusFarm 4.25/Content/FungusFarm/Assets/Textures/CropMoistDown02_512.uasset" 68
"E:/dev/unreal/FungusFarm 4.25/Content/FungusFarm/Assets/Textures/CropMoistDown03_512.uasset" 69
"E:/dev/unreal/FungusFarm 4.25/Content/FungusFarm/Assets/Textures/CropMoistUp01_512.uasset" 70
"E:/dev/unreal/FungusFarm 4.25/Content/FungusFarm/Assets/Textures/CropMoistUp02_512.uasset" 71
"E:/dev/unreal/FungusFarm 4.25/Content/FungusFarm/Assets/Textures/CropMoistUp03_512.uasset" 72
"E:/dev/unreal/FungusFarm 4.25/Content/FungusFarm/Assets/Textures/CropWarm01_512.uasset" 73
"E:/dev/unreal/FungusFarm 4.25/Content/FungusFarm/Assets/Textures/CropWarm02_512.uasset" 74
"E:/dev/unreal/FungusFarm 4.25/Content/FungusFarm/Assets/Textures/CropWarm03_512.uasset" 75
"E:/dev/unreal/FungusFarm 4.25/Content/FungusFarm/Assets/Textures/FF_NewPaperFlipbook.uasset" 76
"E:/dev/unreal/FungusFarm 4.25/Content/FungusFarm/Assets/Textures/Hexagram_512.uasset" 77
"E:/dev/unreal/FungusFarm 4.25/Content/FungusFarm/Assets/Textures/LabProduction01_512.uasset" 78
"E:/dev/unreal/FungusFarm 4.25/Content/FungusFarm/Assets/Textures/loam.uasset" 79
"E:/dev/unreal/FungusFarm 4.25/Content/FungusFarm/Assets/Textures/PlotBooster-RakariGrowth_2_256.uasset" 80
"E:/dev/unreal/FungusFarm 4.25/Content/FungusFarm/Assets/Textures/PlotBooster_AutoHarvest_x256.uasset" 81
"E:/dev/unreal/FungusFarm 4.25/Content/FungusFarm/Assets/Textures/PlotBooster_AutoReplant_x256.uasset" 82
"E:/dev/unreal/FungusFarm 4.25/Content/FungusFarm/Assets/Textures/PlotBooster_GrowthRate01.uasset" 83
"E:/dev/unreal/FungusFarm 4.25/Content/FungusFarm/Assets/Textures/PlotBooster_GrowthRate02.uasset" 84
"E:/dev/unreal/FungusFarm 4.25/Content/FungusFarm/Assets/Textures/PlotBooster_GrowthRate03.uasset" 85
"E:/dev/unreal/FungusFarm 4.25/Content/FungusFarm/Assets/Textures/PlotBooster_OsaTender_01.uasset" 86
"E:/dev/unreal/FungusFarm 4.25/Content/FungusFarm/Assets/Textures/Rakari.uasset" 87
"E:/dev/unreal/FungusFarm 4.25/Content/FungusFarm/Assets/Textures/ResourceBooster_RakariExcavator_256.uasset" 88
"E:/dev/unreal/FungusFarm 4.25/Content/FungusFarm/Assets/Textures/ResourceBooster_WatiWaterbearer_256.uasset" 89
"E:/dev/unreal/FungusFarm 4.25/Content/FungusFarm/Assets/Textures/Spore_03_Yellow_256.uasset" 90
"E:/dev/unreal/FungusFarm 4.25/Content/FungusFarm/Assets/Textures/spore_blue.uasset" 91
"E:/dev/unreal/FungusFarm 4.25/Content/FungusFarm/Assets/Textures/Spore_Conversion_RedToWhite.uasset" 92
"E:/dev/unreal/FungusFarm 4.25/Content/FungusFarm/Assets/Textures/spore_red.uasset" 93
"E:/dev/unreal/FungusFarm 4.25/Content/FungusFarm/Assets/Textures/Unknown_256.uasset" 94
"E:/dev/unreal/FungusFarm 4.25/Content/FungusFarm/Assets/Textures/WaterDrop_LightBlue_256.uasset" 95
"E:/dev/unreal/FungusFarm 4.25/Content/FungusFarm/Assets/Textures/Wati_01.uasset" 96
"E:/dev/unreal/FungusFarm 4.25/Content/FungusFarm/Assets/Textures/Goods/amanita_cap02_x256.uasset" 97
"E:/dev/unreal/FungusFarm 4.25/Content/FungusFarm/Assets/Textures/Goods/AmberBrick_256.uasset" 98
"E:/dev/unreal/FungusFarm 4.25/Content/FungusFarm/Assets/Textures/Goods/BleachingCakeStained_256.uasset" 99
"E:/dev/unreal/FungusFarm 4.25/Content/FungusFarm/Assets/Textures/Goods/BleachingCake_256.uasset" 100
"E:/dev/unreal/FungusFarm 4.25/Content/FungusFarm/Assets/Textures/Goods/BlueMycenaExtraction_256.uasset" 101
"E:/dev/unreal/FungusFarm 4.25/Content/FungusFarm/Assets/Textures/Goods/BlueMycenaPulp_256.uasset" 102
"E:/dev/unreal/FungusFarm 4.25/Content/FungusFarm/Assets/Textures/Goods/blue_mycena_cap02_x256.uasset" 103
"E:/dev/unreal/FungusFarm 4.25/Content/FungusFarm/Assets/Textures/Goods/Bottle01_BrumeNectar_256.uasset" 104
"E:/dev/unreal/FungusFarm 4.25/Content/FungusFarm/Assets/Textures/Goods/Bottle01_MoonwaterTonic_256.uasset" 105
"E:/dev/unreal/FungusFarm 4.25/Content/FungusFarm/Assets/Textures/Goods/Bottle01_Pink.uasset" 106
"E:/dev/unreal/FungusFarm 4.25/Content/FungusFarm/Assets/Textures/Goods/Bottle02_Firewater_256.uasset" 107
"E:/dev/unreal/FungusFarm 4.25/Content/FungusFarm/Assets/Textures/Goods/Bottle02_PrimalConcentrate_256.uasset" 108
"E:/dev/unreal/FungusFarm 4.25/Content/FungusFarm/Assets/Textures/Goods/Bottle02_Silverwater_256.uasset" 109
"E:/dev/unreal/FungusFarm 4.25/Content/FungusFarm/Assets/Textures/Goods/Bottle03_Rosewater_256.uasset" 110
"E:/dev/unreal/FungusFarm 4.25/Content/FungusFarm/Assets/Textures/Goods/Bottle03_SapphireSyrum_256.uasset" 111
"E:/dev/unreal/FungusFarm 4.25/Content/FungusFarm/Assets/Textures/Goods/Bottle04_multiswirl_256.uasset" 112
"E:/dev/unreal/FungusFarm 4.25/Content/FungusFarm/Assets/Textures/Goods/BrightenerReduction_256.uasset" 113
"E:/dev/unreal/FungusFarm 4.25/Content/FungusFarm/Assets/Textures/Goods/Brightheart_256.uasset" 114
"E:/dev/unreal/FungusFarm 4.25/Content/FungusFarm/Assets/Textures/Goods/CeruleanPaste_256.uasset" 115
"E:/dev/unreal/FungusFarm 4.25/Content/FungusFarm/Assets/Textures/Goods/CharredDeathcap_256.uasset" 116
"E:/dev/unreal/FungusFarm 4.25/Content/FungusFarm/Assets/Textures/Goods/CinderBrick_256.uasset" 117
"E:/dev/unreal/FungusFarm 4.25/Content/FungusFarm/Assets/Textures/Goods/CleanseBleachingCake_256.uasset" 118
"E:/dev/unreal/FungusFarm 4.25/Content/FungusFarm/Assets/Textures/Goods/CloudedAquis_256.uasset" 119
"E:/dev/unreal/FungusFarm 4.25/Content/FungusFarm/Assets/Textures/Goods/ControlHousing01_512.uasset" 120
"E:/dev/unreal/FungusFarm 4.25/Content/FungusFarm/Assets/Textures/Goods/DawningDrops_256.uasset" 121
"E:/dev/unreal/FungusFarm 4.25/Content/FungusFarm/Assets/Textures/Goods/DeathCapCap02_x256.uasset" 122
"E:/dev/unreal/FungusFarm 4.25/Content/FungusFarm/Assets/Textures/Goods/DeathflowerKiss_256.uasset" 123
"E:/dev/unreal/FungusFarm 4.25/Content/FungusFarm/Assets/Textures/Goods/DeepSalts_256.uasset" 124
"E:/dev/unreal/FungusFarm 4.25/Content/FungusFarm/Assets/Textures/Goods/Dessicated_WhiteCap.uasset" 125
"E:/dev/unreal/FungusFarm 4.25/Content/FungusFarm/Assets/Textures/Goods/DistilledStarwater_256.uasset" 126
"E:/dev/unreal/FungusFarm 4.25/Content/FungusFarm/Assets/Textures/Goods/EntolomaCap_x256.uasset" 127
"E:/dev/unreal/FungusFarm 4.25/Content/FungusFarm/Assets/Textures/Goods/Fairydew_Flat_256.uasset" 128
"E:/dev/unreal/FungusFarm 4.25/Content/FungusFarm/Assets/Textures/Goods/Firewart_256.uasset" 129
"E:/dev/unreal/FungusFarm 4.25/Content/FungusFarm/Assets/Textures/Goods/FrostBroth_256.uasset" 130
"E:/dev/unreal/FungusFarm 4.25/Content/FungusFarm/Assets/Textures/Goods/IndigoBrick_256.uasset" 131
"E:/dev/unreal/FungusFarm 4.25/Content/FungusFarm/Assets/Textures/Goods/JelliedFlame_256.uasset" 132
"E:/dev/unreal/FungusFarm 4.25/Content/FungusFarm/Assets/Textures/Goods/MemorialTears_256.uasset" 133
"E:/dev/unreal/FungusFarm 4.25/Content/FungusFarm/Assets/Textures/Goods/MincedCapFlesh_512.uasset" 134
"E:/dev/unreal/FungusFarm 4.25/Content/FungusFarm/Assets/Textures/Goods/Morningtide_256.uasset" 135
"E:/dev/unreal/FungusFarm 4.25/Content/FungusFarm/Assets/Textures/Goods/NightFlakes_256.uasset" 136
"E:/dev/unreal/FungusFarm 4.25/Content/FungusFarm/Assets/Textures/Goods/OmniDew_256.uasset" 137
"E:/dev/unreal/FungusFarm 4.25/Content/FungusFarm/Assets/Textures/Goods/OmniSporeWater_256.uasset" 138
"E:/dev/unreal/FungusFarm 4.25/Content/FungusFarm/Assets/Textures/Goods/PaleBrick_256.uasset" 139
"E:/dev/unreal/FungusFarm 4.25/Content/FungusFarm/Assets/Textures/Goods/PhoenixFlux_256.uasset" 140
"E:/dev/unreal/FungusFarm 4.25/Content/FungusFarm/Assets/Textures/Goods/PinkCapMince_512.uasset" 141
"E:/dev/unreal/FungusFarm 4.25/Content/FungusFarm/Assets/Textures/Goods/PotentBrightener_256.uasset" 142
"E:/dev/unreal/FungusFarm 4.25/Content/FungusFarm/Assets/Textures/Goods/PressedAmberCake_256.uasset" 143
"E:/dev/unreal/FungusFarm 4.25/Content/FungusFarm/Assets/Textures/Goods/PressedBlueCake_256.uasset" 144
"E:/dev/unreal/FungusFarm 4.25/Content/FungusFarm/Assets/Textures/Goods/PressedCapFlesh_512.uasset" 145
"E:/dev/unreal/FungusFarm 4.25/Content/FungusFarm/Assets/Textures/Goods/PressedRoseCake_512.uasset" 146
"E:/dev/unreal/FungusFarm 4.25/Content/FungusFarm/Assets/Textures/Goods/SanguinePaste_256.uasset" 147
"E:/dev/unreal/FungusFarm 4.25/Content/FungusFarm/Assets/Textures/Goods/ScovillePaste_256.uasset" 148
"E:/dev/unreal/FungusFarm 4.25/Content/FungusFarm/Assets/Textures/Goods/SmokedWhiteButtonDust_256.uasset" 149
"E:/dev/unreal/FungusFarm 4.25/Content/FungusFarm/Assets/Textures/Goods/SoulPearl_512.uasset" 150
"E:/dev/unreal/FungusFarm 4.25/Content/FungusFarm/Assets/Textures/Goods/SpiderSilk_256.uasset" 151
"E:/dev/unreal/FungusFarm 4.25/Content/FungusFarm/Assets/Textures/Goods/SteamSand_256.uasset" 152
"E:/dev/unreal/FungusFarm 4.25/Content/FungusFarm/Assets/Textures/Goods/TwilightTea_256.uasset" 153
"E:/dev/unreal/FungusFarm 4.25/Content/FungusFarm/Assets/Textures/Goods/UmbralDrops_256.uasset" 154
"E:/dev/unreal/FungusFarm 4.25/Content/FungusFarm/Assets/Textures/Goods/VioletCort01_cap_x256.uasset" 155
"E:/dev/unreal/FungusFarm 4.25/Content/FungusFarm/Assets/Textures/Goods/VitalOil_256.uasset" 156
"E:/dev/unreal/FungusFarm 4.25/Content/FungusFarm/Assets/Textures/Goods/WarmingWafers_256.uasset" 157
"E:/dev/unreal/FungusFarm 4.25/Content/FungusFarm/Assets/Textures/Goods/WaterDrop_256.uasset" 158
"E:/dev/unreal/FungusFarm 4.25/Content/FungusFarm/Assets/Textures/Goods/Yellowdew_256.uasset" 159
"E:/dev/unreal/FungusFarm 4.25/Content/FungusFarm/Assets/Textures/Goods/YellowFlyAgaricCap_x256.uasset" 160
"E:/dev/unreal/FungusFarm 4.25/Content/FungusFarm/Assets/Textures/Goods/YellowMincedCapFlesh_256.uasset" 161
"E:/dev/unreal/FungusFarm 4.25/Content/FungusFarm/Assets/Textures/Goods/YellowSporeWater_256.uasset" 162
"E:/dev/unreal/FungusFarm 4.25/Content/FungusFarm/Assets/Textures/Scenery/MossGlow_Side_256.uasset" 163
"E:/dev/unreal/FungusFarm 4.25/Content/FungusFarm/Assets/Textures/Scenery/MossTop01_Drips_256.uasset" 164
"E:/dev/unreal/FungusFarm 4.25/Content/FungusFarm/Assets/Textures/UMG/CloseButton.uasset" 165
"E:/dev/unreal/FungusFarm 4.25/Content/FungusFarm/Assets/Textures/UMG/Frame_01.uasset" 166
"E:/dev/unreal/FungusFarm 4.25/Content/FungusFarm/Blueprints/CropTypes.uasset" 167
"E:/dev/unreal/FungusFarm 4.25/Content/FungusFarm/Blueprints/CropInputRequirement_Struct.uasset" 168
"E:/dev/unreal/FungusFarm 4.25/Content/FungusFarm/Blueprints/EquipmentTypes.uasset" 169
"E:/dev/unreal/FungusFarm 4.25/Content/FungusFarm/Blueprints/FF_CheatManager.uasset" 170
"E:/dev/unreal/FungusFarm 4.25/Content/FungusFarm/Blueprints/FF_MenuPlayerController.uasset" 171
"E:/dev/unreal/FungusFarm 4.25/Content/FungusFarm/Blueprints/FF_SaveGame.uasset" 172
"E:/dev/unreal/FungusFarm 4.25/Content/FungusFarm/Blueprints/GoodsTypes.uasset" 173
"E:/dev/unreal/FungusFarm 4.25/Content/FungusFarm/Blueprints/GoodsQuantityRange_Struct.uasset" 174
"E:/dev/unreal/FungusFarm 4.25/Content/FungusFarm/Blueprints/GoodsDropChance_Struct.uasset" 175
"../../../Engine/Content/EditorBlueprintResources/StandardMacros.uasset" 176
"E:/dev/unreal/FungusFarm 4.25/Content/FungusFarm/Assets/Materials/FF_TranslucentUnlitSpriteMaterial.uasset" 177
"E:/dev/unreal/FungusFarm 4.25/Content/FungusFarm/Blueprints/Equipment/Equipment_Base.uasset" 178
"E:/dev/unreal/FungusFarm 4.25/Content/FungusFarm/Blueprints/Crafting/FF_CraftQueueSlot.uasset" 179
"E:/dev/unreal/FungusFarm 4.25/Content/FungusFarm/Blueprints/Equipment/IPlaceableEquipment.uasset" 180
"E:/dev/unreal/FungusFarm 4.25/Content/FungusFarm/Blueprints/Equipment/IPlaceableEquipmentTarget.uasset" 181
"E:/dev/unreal/FungusFarm 4.25/Content/FungusFarm/Blueprints/Equipment/EquipmentMods/ModSlot_CAC_BP.uasset" 182
"E:/dev/unreal/FungusFarm 4.25/Content/FungusFarm/Blueprints/Navigation/AnchorTarget_BP.uasset" 183
"../../../Engine/Content/Functions/Engine_MaterialFunctions02/Utility/BreakOutFloat3Components.uasset" 184
"../../../Engine/Content/EngineMaterials/DefaultDiffuse.uasset" 185
"../../../Engine/Content/Functions/Engine_MaterialFunctions01/Texturing/TextureCropping.uasset" 186
"../../../Engine/Content/Functions/Engine_MaterialFunctions01/Texturing/ComputeMipLevel.uasset" 187
"../../../Engine/Content/Functions/Engine_MaterialFunctions02/ExampleContent/DebugNumberStrip.uasset" 188
"../../../Engine/Content/Functions/Engine_MaterialFunctions02/ExampleContent/Textures/DebugNumberPeriod.uasset" 189
"../../../Engine/Content/Functions/Engine_MaterialFunctions02/Utility/DebugScalarValues.uasset" 190
"../../../Engine/Content/Functions/Engine_MaterialFunctions02/Utility/DebugFloat3Values.uasset" 191
"../../../Engine/Content/Functions/Engine_MaterialFunctions02/Utility/MakeFloat3.uasset" 192
"../../../Engine/Content/Functions/Engine_MaterialFunctions02/Math/RGBtoHSV.uasset" 193
"../../../Engine/Content/Functions/Engine_MaterialFunctions02/SafeNormalize.uasset" 194
"E:/dev/unreal/FungusFarm 4.25/Content/FungusFarm/Assets/Textures/Lab-MortarAndPestle_01.uasset" 195
"E:/dev/unreal/FungusFarm 4.25/Content/FungusFarm/Assets/Materials/FF_SpriteGlowEdge_M.uasset" 196
"E:/dev/unreal/FungusFarm 4.25/Content/FungusFarm/Assets/Materials/FF_SpriteGlowEdge_MI.uasset" 197
"E:/dev/unreal/FungusFarm 4.25/Content/FungusFarm/Assets/Textures/MushroomMound_01.uasset" 198
"E:/dev/unreal/FungusFarm 4.25/Content/FungusFarm/Assets/Sprites/MushroomMound_01_Sprite.uasset" 199
"E:/dev/unreal/FungusFarm 4.25/Content/FungusFarm/Blueprints/Equipment/PlaceableEquipmentTarget_BP.uasset" 200
"E:/dev/unreal/FungusFarm 4.25/Content/FungusFarm/Blueprints/Equipment/CropPlots/CropPlotTarget.uasset" 201
"E:/dev/unreal/FungusFarm 4.25/Content/FungusFarm/Blueprints/Equipment/GlobalManager_BP.uasset" 202
"E:/dev/unreal/FungusFarm 4.25/Content/FungusFarm/Blueprints/FF_PlayerState_BP.uasset" 203
"E:/dev/unreal/FungusFarm 4.25/Content/FungusFarm/Blueprints/FFGameMode_BP.uasset" 204
"E:/dev/unreal/FungusFarm 4.25/Content/FungusFarm/Blueprints/Inventory/FF_GoodsInventory_Component.uasset" 205
"E:/dev/unreal/FungusFarm 4.25/Content/FungusFarm/Blueprints/FF_GeneralFunctions.uasset" 206
"E:/dev/unreal/FungusFarm 4.25/Content/FungusFarm/Blueprints/Crafting/RecipeNavigator_BP.uasset" 207
"E:/dev/unreal/FungusFarm 4.25/Content/FungusFarm/Assets/Sprites/Lab-MortarAndPestle_01_Sprite.uasset" 208
"E:/dev/unreal/FungusFarm 4.25/Content/FungusFarm/Blueprints/Equipment/LabEquipment/LabEquipmentTarget.uasset" 209
"E:/dev/unreal/FungusFarm 4.25/Content/FungusFarm/Blueprints/Tools/ToolBase_BP.uasset" 210
"E:/dev/unreal/FungusFarm 4.25/Content/FungusFarm/Assets/Textures/UMG/Frame_01__0_0.uasset" 211
"E:/dev/unreal/FungusFarm 4.25/Content/FungusFarm/Assets/Textures/UMG/Frame_01__0_1.uasset" 212
"E:/dev/unreal/FungusFarm 4.25/Content/FungusFarm/Assets/Textures/UMG/Frame_01__0_2.uasset" 213
"E:/dev/unreal/FungusFarm 4.25/Content/FungusFarm/Assets/Textures/UMG/Frame_01__1_0.uasset" 214
"E:/dev/unreal/FungusFarm 4.25/Content/FungusFarm/Assets/Textures/UMG/Frame_01__1_2.uasset" 215
"E:/dev/unreal/FungusFarm 4.25/Content/FungusFarm/Assets/Textures/UMG/Frame_01__2_0.uasset" 216
"E:/dev/unreal/FungusFarm 4.25/Content/FungusFarm/Assets/Textures/UMG/Frame_01__2_1.uasset" 217
"E:/dev/unreal/FungusFarm 4.25/Content/FungusFarm/Assets/Textures/UMG/Frame_01__2_2.uasset" 218
"E:/dev/unreal/FungusFarm 4.25/Content/FungusFarm/Blueprints/UI/Frame_01.uasset" 219
"E:/dev/unreal/FungusFarm 4.25/Content/FungusFarm/Blueprints/UI/FF_Confirmation_Menu.uasset" 220
"E:/dev/unreal/FungusFarm 4.25/Content/FungusFarm/Assets/Textures/UMG/BigX_128.uasset" 221
"E:/dev/unreal/FungusFarm 4.25/Content/FungusFarm/Blueprints/UI/SaveLoad/FF_SavedGameSlot_Widget.uasset" 222
"E:/dev/unreal/FungusFarm 4.25/Content/FungusFarm/Assets/Locale/FF_Strings.uasset" 223
"E:/dev/unreal/FungusFarm 4.25/Content/FungusFarm/Assets/Textures/UMG/Moss_02_BR.uasset" 224
"E:/dev/unreal/FungusFarm 4.25/Content/FungusFarm/Assets/Textures/UMG/Moss_TL_01.uasset" 225
"E:/dev/unreal/FungusFarm 4.25/Content/FungusFarm/Blueprints/UI/FF_GameStartMenu.uasset" 226
"E:/dev/unreal/FungusFarm 4.25/Content/FungusFarm/Assets/Materials/SprinkleParticle.uasset" 227
"E:/dev/unreal/FungusFarm 4.25/Content/FungusFarm/Assets/Textures/Goods/WhiteButtonCap_02_x256.uasset" 228
"E:/dev/unreal/FungusFarm 4.25/Content/FungusFarm/Assets/Materials/SprinkleCapParticle_Inst.uasset" 229
"E:/dev/unreal/FungusFarm 4.25/Content/FungusFarm/Assets/Particles/CapsBasic.uasset" 230
"E:/dev/unreal/FungusFarm 4.25/Content/FungusFarm/Assets/Materials/Spirit_01_Mat.uasset" 231
"E:/dev/unreal/FungusFarm 4.25/Content/FungusFarm/Assets/Particles/SpiritFloat.uasset" 232
"E:/dev/unreal/FungusFarm 4.25/Content/FungusFarm/Assets/Materials/SprinkleParticle_Inst.uasset" 233
"E:/dev/unreal/FungusFarm 4.25/Content/FungusFarm/Assets/Particles/SporesBasic.uasset" 234
"E:/dev/unreal/FungusFarm 4.25/Content/FungusFarm/Assets/Sound/Songs/BGMusic.uasset" 235
"E:/dev/unreal/FungusFarm 4.25/Content/FungusFarm/Blueprints/FF_GameInputModes.uasset" 236
"E:/dev/unreal/FungusFarm 4.25/Content/FungusFarm/Blueprints/ModifiableAttributes/IHasModSlots.uasset" 237
"E:/dev/unreal/FungusFarm 4.25/Content/FungusFarm/Blueprints/ModifiableAttributes/ModifiableAttribute_AC_BP.uasset" 238
"E:/dev/unreal/FungusFarm 4.25/Content/FungusFarm/Assets/Textures/finger.uasset" 239
"E:/dev/unreal/FungusFarm 4.25/Content/FungusFarm/Assets/Textures/finger_down.uasset" 240
"E:/dev/unreal/FungusFarm 4.25/Content/FungusFarm/Blueprints/Tools/FingerTool_BP.uasset" 241
"E:/dev/unreal/FungusFarm 4.25/Content/FungusFarm/Assets/Textures/Goods/loam2_512.uasset" 242
"E:/dev/unreal/FungusFarm 4.25/Content/FungusFarm/Assets/Sprites/loam2_x256_Sprite.uasset" 243
"E:/dev/unreal/FungusFarm 4.25/Content/FungusFarm/Blueprints/ResourceNodes/ResourceNodeBase.uasset" 244
"E:/dev/unreal/FungusFarm 4.25/Content/FungusFarm/Blueprints/Tools/ImageCursor_Widget.uasset" 245
"E:/dev/unreal/FungusFarm 4.25/Content/FungusFarm/Assets/Textures/UMG/Pin_Green_Open_32.uasset" 246
"E:/dev/unreal/FungusFarm 4.25/Content/FungusFarm/Assets/Textures/UMG/Pin_Purple_32.uasset" 247
"E:/dev/unreal/FungusFarm 4.25/Content/FungusFarm/Assets/Textures/UMG/SmArrow_Left.uasset" 248
"E:/dev/unreal/FungusFarm 4.25/Content/FungusFarm/Assets/Textures/UMG/SmArrow_Right.uasset" 249
"E:/dev/unreal/FungusFarm 4.25/Content/FungusFarm/Assets/Textures/lock.uasset" 250
"E:/dev/unreal/FungusFarm 4.25/Content/FungusFarm/Blueprints/UI/ItemCards/FF_ItemCard_Base_Widget.uasset" 251
"E:/dev/unreal/FungusFarm 4.25/Content/FungusFarm/Blueprints/UI/ItemCards/FF_CraftRecipeItemCard_Widget.uasset" 252
"E:/dev/unreal/FungusFarm 4.25/Content/FungusFarm/Blueprints/UI/ItemCards/InventoryItemCardDragDrop.uasset" 253
"E:/dev/unreal/FungusFarm 4.25/Content/FungusFarm/Blueprints/UI/ItemCards/FF_GoodsItemCard_Widget.uasset" 254
"E:/dev/unreal/FungusFarm 4.25/Content/FungusFarm/Blueprints/UI/Crafting/RecipeNavigation_Widget.uasset" 255
"E:/dev/unreal/FungusFarm 4.25/Content/FungusFarm/Blueprints/UI/FF_GoodsQuantityRangeItem_Widget.uasset" 256
"E:/dev/unreal/FungusFarm 4.25/Content/FungusFarm/Blueprints/UI/FF_GoodsDropChanceListItemWidget.uasset" 257
"E:/dev/unreal/FungusFarm 4.25/Content/FungusFarm/Blueprints/UI/FF_GoodsInventoryListItem_Widget.uasset" 258
"E:/dev/unreal/FungusFarm 4.25/Content/FungusFarm/Blueprints/UI/ItemCards/FF_CropTypeCard_Widget.uasset" 259
"E:/dev/unreal/FungusFarm 4.25/Content/FungusFarm/Blueprints/UI/FF_CropTypeVerticalWidget.uasset" 260
"E:/dev/unreal/FungusFarm 4.25/Content/FungusFarm/Blueprints/UI/FF_CropTypeWidget.uasset" 261
"E:/dev/unreal/FungusFarm 4.25/Content/FungusFarm/Blueprints/UI/CropPlot/FF_CropSelect_Widget.uasset" 262
"E:/dev/unreal/FungusFarm 4.25/Content/FungusFarm/Blueprints/UI/FF_ModifierDetail_Widget.uasset" 263
"E:/dev/unreal/FungusFarm 4.25/Content/FungusFarm/Blueprints/UI/FF_EquipmentMod_Widget.uasset" 264
"E:/dev/unreal/FungusFarm 4.25/Content/FungusFarm/Blueprints/UI/CropPlot/FF_CropPlotMgmt_Menu.uasset" 265
"E:/dev/unreal/FungusFarm 4.25/Content/FungusFarm/Assets/Textures/UMG/FrameLeft_0_0.uasset" 266
"E:/dev/unreal/FungusFarm 4.25/Content/FungusFarm/Assets/Textures/UMG/FrameLeft_0_1.uasset" 267
"E:/dev/unreal/FungusFarm 4.25/Content/FungusFarm/Assets/Textures/UMG/FrameLeft_1_1.uasset" 268
"E:/dev/unreal/FungusFarm 4.25/Content/FungusFarm/Assets/Textures/UMG/FrameLeft_2_0.uasset" 269
"E:/dev/unreal/FungusFarm 4.25/Content/FungusFarm/Assets/Textures/UMG/FrameLeft_2_1.uasset" 270
"E:/dev/unreal/FungusFarm 4.25/Content/FungusFarm/Assets/Textures/UMG/FrameRight_0_0.uasset" 271
"E:/dev/unreal/FungusFarm 4.25/Content/FungusFarm/Assets/Textures/UMG/FrameRight_0_1.uasset" 272
"E:/dev/unreal/FungusFarm 4.25/Content/FungusFarm/Assets/Textures/UMG/FrameRight_1_0.uasset" 273
"E:/dev/unreal/FungusFarm 4.25/Content/FungusFarm/Assets/Textures/UMG/FrameRight_2_0.uasset" 274
"E:/dev/unreal/FungusFarm 4.25/Content/FungusFarm/Assets/Textures/UMG/FrameRight_2_1.uasset" 275
"E:/dev/unreal/FungusFarm 4.25/Content/FungusFarm/Assets/Textures/UMG/Moss_02_BL.uasset" 276
"E:/dev/unreal/FungusFarm 4.25/Content/FungusFarm/Assets/Textures/UMG/Moss_02_TL.uasset" 277
"E:/dev/unreal/FungusFarm 4.25/Content/FungusFarm/Assets/Textures/UMG/Moss_02_TR.uasset" 278
"E:/dev/unreal/FungusFarm 4.25/Content/FungusFarm/Assets/Textures/UMG/Moss_BL_01.uasset" 279
"E:/dev/unreal/FungusFarm 4.25/Content/FungusFarm/Assets/Textures/UMG/Moss_BR_01.uasset" 280
"E:/dev/unreal/FungusFarm 4.25/Content/FungusFarm/Blueprints/UI/CropPlot/FF_CropPlotMgmt_Side_Menu.uasset" 281
"E:/dev/unreal/FungusFarm 4.25/Content/FungusFarm/Blueprints/UI/FF_GameLoading_Menu.uasset" 282
"E:/dev/unreal/FungusFarm 4.25/Content/FungusFarm/Blueprints/UI/Inventory/FF_Inventory_Widget.uasset" 283
"E:/dev/unreal/FungusFarm 4.25/Content/FungusFarm/Blueprints/UI/FF_GoodsItemDetail_Widget.uasset" 284
"E:/dev/unreal/FungusFarm 4.25/Content/FungusFarm/Blueprints/UI/Inventory/FF_PlayerInventoryPanel.uasset" 285
"E:/dev/unreal/FungusFarm 4.25/Content/FungusFarm/Blueprints/UI/Crafting/FF_CraftQueueSlotItem_Widget.uasset" 286
"E:/dev/unreal/FungusFarm 4.25/Content/FungusFarm/Blueprints/UI/Crafting/FF_CurrentCraftQueueItem_Widget.uasset" 287
"E:/dev/unreal/FungusFarm 4.25/Content/FungusFarm/Blueprints/UI/Crafting/FF_CrafterStatus_Widget.uasset" 288
"E:/dev/unreal/FungusFarm 4.25/Content/FungusFarm/Blueprints/UI/Crafting/FF_CraftRecipeInfo_Panel.uasset" 289
"E:/dev/unreal/FungusFarm 4.25/Content/FungusFarm/Blueprints/UI/Crafting/FF_CraftRecipeSelect_Panel.uasset" 290
"E:/dev/unreal/FungusFarm 4.25/Content/FungusFarm/Blueprints/UI/Crafting/FF_CraftInventory_Panel.uasset" 291
"E:/dev/unreal/FungusFarm 4.25/Content/FungusFarm/Blueprints/UI/Skills/FF_SkillUnlockInfo_Panel.uasset" 292
"E:/dev/unreal/FungusFarm 4.25/Content/FungusFarm/Blueprints/UI/Skills/FF_Skills_Panel.uasset" 293
"E:/dev/unreal/FungusFarm 4.25/Content/FungusFarm/Blueprints/UI/FF_MainPlayerMgmt_Menu.uasset" 294
"E:/dev/unreal/FungusFarm 4.25/Content/FungusFarm/Assets/Sound/Effects/Pops_01.uasset" 295
"E:/dev/unreal/FungusFarm 4.25/Content/FungusFarm/Assets/Sound/SFX_AttenuationDefault.uasset" 296
"E:/dev/unreal/FungusFarm 4.25/Content/FungusFarm/Assets/Sound/Effects/Pops_01_Cue.uasset" 297
"E:/dev/unreal/FungusFarm 4.25/Content/FungusFarm/Blueprints/UI/FF_OptionsMenu.uasset" 298
"E:/dev/unreal/FungusFarm 4.25/Content/FungusFarm/Blueprints/UI/GameplayGoals/CollapsableDisplayState.uasset" 299
"E:/dev/unreal/FungusFarm 4.25/Content/FungusFarm/Blueprints/UI/GameplayGoals/GoalProgressDetailType.uasset" 300
"E:/dev/unreal/FungusFarm 4.25/Content/FungusFarm/Blueprints/UI/GameplayGoals/FF_GoalProgressDetailItem_Widget.uasset" 301
"E:/dev/unreal/FungusFarm 4.25/Content/FungusFarm/Blueprints/UI/GameplayGoals/FF_GoalProgressDetailCollection_Widget.uasset" 302
"E:/dev/unreal/FungusFarm 4.25/Content/FungusFarm/Blueprints/UI/GameplayGoals/FF_GoalProgress_Widget.uasset" 303
"E:/dev/unreal/FungusFarm 4.25/Content/FungusFarm/Blueprints/UI/GameplayGoals/FF_CurrentGoals_Widget.uasset" 304
"E:/dev/unreal/FungusFarm 4.25/Content/FungusFarm/Blueprints/UI/GameplayGoals/FF_GameplayGoalAwardsCollection_Widget.uasset" 305
"E:/dev/unreal/FungusFarm 4.25/Content/FungusFarm/Blueprints/UI/GameplayGoals/FF_GameplayGoalAchieved_Widget.uasset" 306
"E:/dev/unreal/FungusFarm 4.25/Content/FungusFarm/Blueprints/UI/GameplayGoals/FF_GameplayGoalMgmt_Widget.uasset" 307
"E:/dev/unreal/FungusFarm 4.25/Content/FungusFarm/Blueprints/UI/HomeMenu/FF_MainHome_Menu.uasset" 308
"E:/dev/unreal/FungusFarm 4.25/Content/FungusFarm/Assets/Textures/Lab-Condenser_02.uasset" 309
"E:/dev/unreal/FungusFarm 4.25/Content/FungusFarm/Blueprints/UI/Crafting/FF_CraftInventory_Vertical_Panel.uasset" 310
"E:/dev/unreal/FungusFarm 4.25/Content/FungusFarm/Blueprints/UI/Crafting/FF_CraftRecipe_Panel.uasset" 311
"E:/dev/unreal/FungusFarm 4.25/Content/FungusFarm/Blueprints/UI/LabEquipment/FF_LabEquip_Mgmt_Slide_Menu.uasset" 312
"E:/dev/unreal/FungusFarm 4.25/Content/FungusFarm/Blueprints/UI/Market/FF_MarketBuy_Panel.uasset" 313
"E:/dev/unreal/FungusFarm 4.25/Content/FungusFarm/Blueprints/UI/Market/FF_MarketSell_Panel.uasset" 314
"E:/dev/unreal/FungusFarm 4.25/Content/FungusFarm/Blueprints/UI/Market/FF_Market_Menu.uasset" 315
"../../../Engine/Content/VREditor/Sounds/UI/Flashlight_Switch.uasset" 316
"E:/dev/unreal/FungusFarm 4.25/Content/FungusFarm/Assets/Textures/Gear.uasset" 317
"E:/dev/unreal/FungusFarm 4.25/Content/FungusFarm/Assets/Textures/GoldPiece_01x256.uasset" 318
"E:/dev/unreal/FungusFarm 4.25/Content/FungusFarm/Assets/Textures/Lab-Crate_01_512.uasset" 319
"E:/dev/unreal/FungusFarm 4.25/Content/FungusFarm/Assets/Textures/Osa.uasset" 320
"E:/dev/unreal/FungusFarm 4.25/Content/FungusFarm/Blueprints/UI/PlayerHUD/FF_InventoryMonitorItem.uasset" 321
"E:/dev/unreal/FungusFarm 4.25/Content/FungusFarm/Blueprints/UI/PlayerHUD/FF_InventoryMonitorHudHorizontal.uasset" 322
"E:/dev/unreal/FungusFarm 4.25/Content/FungusFarm/Blueprints/Crafting/FF_CraftingState.uasset" 323
"E:/dev/unreal/FungusFarm 4.25/Content/FungusFarm/Blueprints/CropGrowState.uasset" 324
"E:/dev/unreal/FungusFarm 4.25/Content/FungusFarm/Blueprints/UI/PlayerHUD/FF_NavAnchorTargetStatus_Widget.uasset" 325
"E:/dev/unreal/FungusFarm 4.25/Content/FungusFarm/Blueprints/UI/PlayerHUD/FF_NavTargetCollection_Widget.uasset" 326
"E:/dev/unreal/FungusFarm 4.25/Content/FungusFarm/Blueprints/UI/PlayerHUD/FF_PlayerLevelHud_Widget.uasset" 327
"E:/dev/unreal/FungusFarm 4.25/Content/FungusFarm/Blueprints/UI/PlayerHUD/FF_PlayerXpHud_Widget.uasset" 328
"E:/dev/unreal/FungusFarm 4.25/Content/FungusFarm/Assets/Textures/UMG/NextButton_01.uasset" 329
"E:/dev/unreal/FungusFarm 4.25/Content/FungusFarm/Assets/Textures/UMG/PrevButton_01.uasset" 330
"E:/dev/unreal/FungusFarm 4.25/Content/FungusFarm/Blueprints/UI/PlayerHUD/FF_PrevNextNavButton.uasset" 331
"E:/dev/unreal/FungusFarm 4.25/Content/FungusFarm/Assets/Textures/CropPlot_01.uasset" 332
"E:/dev/unreal/FungusFarm 4.25/Content/FungusFarm/Blueprints/UI/Toolbar/FF_ToolToolbarButton.uasset" 333
"E:/dev/unreal/FungusFarm 4.25/Content/FungusFarm/Blueprints/UI/Toolbar/FF_MainToolbar.uasset" 334
"E:/dev/unreal/FungusFarm 4.25/Content/FungusFarm/Blueprints/UI/VerticalMessageWidget/FF_VerticalMessageItemItem.uasset" 335
"E:/dev/unreal/FungusFarm 4.25/Content/FungusFarm/Blueprints/UI/VerticalMessageWidget/FF_VerticalMessage_Widget.uasset" 336
"E:/dev/unreal/FungusFarm 4.25/Content/FungusFarm/Blueprints/UI/PlayerHUD/FF_PlayerHUD.uasset" 337
"E:/dev/unreal/FungusFarm 4.25/Content/FungusFarm/Blueprints/FF_PlayerController_BP.uasset" 338
"E:/dev/unreal/FungusFarm 4.25/Content/FungusFarm/Blueprints/ZoomHeightCurve.uasset" 339
"E:/dev/unreal/FungusFarm 4.25/Content/FungusFarm/Assets/Materials/FF_FalloffLightFunctionMaterial.uasset" 340
"E:/dev/unreal/FungusFarm 4.25/Content/FungusFarm/Assets/Materials/FF_FalloffLightFunctionMaterial_Inst.uasset" 341
"E:/dev/unreal/FungusFarm 4.25/Content/FungusFarm/Blueprints/FF_PlayerCameraPawn.uasset" 342
"E:/dev/unreal/FungusFarm 4.25/Content/FungusFarm/Blueprints/Equipment/PlaceableEquipment_Base.uasset" 343
"E:/dev/unreal/FungusFarm 4.25/Content/FungusFarm/Assets/Materials/FF_TextureLitMasked_Mat.uasset" 344
"../../../Engine/Content/Functions/Engine_MaterialFunctions02/Utility/LinearSine.uasset" 345
"../../../Engine/Content/Functions/Engine_MaterialFunctions02/Utility/MakeFloat2.uasset" 346
"E:/dev/unreal/FungusFarm 4.25/Content/FungusFarm/Assets/Materials/FF_GlowEdge_M.uasset" 347
"E:/dev/unreal/FungusFarm 4.25/Content/FungusFarm/Assets/Materials/FF_GlowEdge_MI.uasset" 348
"../../../Engine/Content/Functions/Engine_MaterialFunctions01/Opacity/CameraDepthFade.uasset" 349
"../../../Engine/Content/EngineMaterials/T_Default_Material_Grid_M.uasset" 350
"../../../Engine/Content/EngineMaterials/T_Default_Material_Grid_N.uasset" 351
"../../../Engine/Content/EngineMaterials/WorldGridMaterial.uasset" 352
"../../../Engine/Content/BasicShapes/Plane.uasset" 353
"E:/dev/unreal/FungusFarm 4.25/Content/FungusFarm/Blueprints/Equipment/ModSlot.uasset" 354
"../../../Engine/Content/EngineFonts/RobotoDistanceField.uasset" 355
"E:/dev/unreal/FungusFarm 4.25/Content/FungusFarm/Assets/Materials/DefaultTextMaterialUnlitOpaque.uasset" 356
"E:/dev/unreal/FungusFarm 4.25/Content/FungusFarm/Blueprints/Equipment/EquipmentMods/ModEquipment_Base.uasset" 357
"E:/dev/unreal/FungusFarm 4.25/Content/FungusFarm/Blueprints/Equipment/LabEquipment/LabEquipmentBase_BP.uasset" 358
"E:/dev/unreal/FungusFarm 4.25/Content/FungusFarm/Blueprints/Crafting/FF_ActorCrafter_Component.uasset" 359
"E:/dev/unreal/FungusFarm 4.25/Content/FungusFarm/Blueprints/FF_PlatformGameInstance.uasset" 360
"E:/dev/unreal/FungusFarm 4.25/Content/FungusFarm/Blueprints/Goals/GameplayGoal_BP.uasset" 361
"E:/dev/unreal/FungusFarm 4.25/Content/FungusFarm/Data/CraftingRecipeData.uasset" 362
"E:/dev/unreal/FungusFarm 4.25/Content/FungusFarm/Assets/Textures/Amanita_02_x512.uasset" 363
"E:/dev/unreal/FungusFarm 4.25/Content/FungusFarm/Assets/Sprites/Amanita_02_x512_Sprite.uasset" 364
"E:/dev/unreal/FungusFarm 4.25/Content/FungusFarm/Blueprints/Crops/amanita_01_BP.uasset" 365
"E:/dev/unreal/FungusFarm 4.25/Content/FungusFarm/Assets/Textures/BlueMycena02_x512.uasset" 366
"E:/dev/unreal/FungusFarm 4.25/Content/FungusFarm/Assets/Sprites/BlueMycena02_x512_Sprite.uasset" 367
"E:/dev/unreal/FungusFarm 4.25/Content/FungusFarm/Blueprints/Crops/BlueMycena_01_BP.uasset" 368
"E:/dev/unreal/FungusFarm 4.25/Content/FungusFarm/Assets/Textures/DeathCap02_x512.uasset" 369
"E:/dev/unreal/FungusFarm 4.25/Content/FungusFarm/Assets/Sprites/DeathCap02_x512_Sprite.uasset" 370
"E:/dev/unreal/FungusFarm 4.25/Content/FungusFarm/Blueprints/Crops/Deathcap_01_BP.uasset" 371
"E:/dev/unreal/FungusFarm 4.25/Content/FungusFarm/Assets/Textures/Entoloma_x512.uasset" 372
"E:/dev/unreal/FungusFarm 4.25/Content/FungusFarm/Assets/Sprites/Entoloma_x512_Sprite.uasset" 373
"E:/dev/unreal/FungusFarm 4.25/Content/FungusFarm/Blueprints/Crops/Entoloma_01_BP.uasset" 374
"E:/dev/unreal/FungusFarm 4.25/Content/FungusFarm/Assets/Textures/VioletCort01_x512.uasset" 375
"E:/dev/unreal/FungusFarm 4.25/Content/FungusFarm/Assets/Sprites/VioletCort01_x512_Sprite.uasset" 376
"E:/dev/unreal/FungusFarm 4.25/Content/FungusFarm/Blueprints/Crops/VioletCort_01_BP.uasset" 377
"E:/dev/unreal/FungusFarm 4.25/Content/FungusFarm/Assets/Textures/WhiteButton_02_x512.uasset" 378
"E:/dev/unreal/FungusFarm 4.25/Content/FungusFarm/Assets/Sprites/WhiteButton_02_x512_Sprite.uasset" 379
"E:/dev/unreal/FungusFarm 4.25/Content/FungusFarm/Blueprints/Crops/WhiteButton_01_BP.uasset" 380
"E:/dev/unreal/FungusFarm 4.25/Content/FungusFarm/Assets/Textures/YellowFlyAgaric_x512.uasset" 381
"E:/dev/unreal/FungusFarm 4.25/Content/FungusFarm/Assets/Sprites/YellowFlyAgaric_x512_Sprite.uasset" 382
"E:/dev/unreal/FungusFarm 4.25/Content/FungusFarm/Blueprints/Crops/YellowFlyAgaric_01_BP.uasset" 383
"../../../Engine/Content/EngineResources/Bad.uasset" 384
"E:/dev/unreal/FungusFarm 4.25/Content/FungusFarm/Data/CropData.uasset" 385
"E:/dev/unreal/FungusFarm 4.25/Content/FungusFarm/Data/CropPlotsData.uasset" 386
"E:/dev/unreal/FungusFarm 4.25/Content/FungusFarm/Blueprints/Equipment/EquipmentMods/CropPlotModEquipment.uasset" 387
"E:/dev/unreal/FungusFarm 4.25/Content/FungusFarm/Blueprints/Equipment/CropPlotModSlot.uasset" 388
"E:/dev/unreal/FungusFarm 4.25/Content/FungusFarm/Blueprints/Equipment/CropPlots/CropPlotMushroomMound_BP.uasset" 389
"E:/dev/unreal/FungusFarm 4.25/Content/FungusFarm/Blueprints/Equipment/LabEquipmentModSlot.uasset" 390
"E:/dev/unreal/FungusFarm 4.25/Content/FungusFarm/Blueprints/Equipment/EquipmentMods/LabEquipmentModEquipment.uasset" 391
"E:/dev/unreal/FungusFarm 4.25/Content/FungusFarm/Blueprints/Equipment/LoamNodeModSlot.uasset" 392
"E:/dev/unreal/FungusFarm 4.25/Content/FungusFarm/Blueprints/Equipment/EquipmentMods/LoamNodeModEquipment.uasset" 393
"E:/dev/unreal/FungusFarm 4.25/Content/FungusFarm/Blueprints/Equipment/WaterNodeModSlot.uasset" 394
"E:/dev/unreal/FungusFarm 4.25/Content/FungusFarm/Blueprints/Equipment/EquipmentMods/WaterNodeModEquipment.uasset" 395
"E:/dev/unreal/FungusFarm 4.25/Content/FungusFarm/Assets/Sprites/Lab-Condenser_02_Sprite.uasset" 396
"E:/dev/unreal/FungusFarm 4.25/Content/FungusFarm/Blueprints/Equipment/LabEquipment/LabCondenser2_BP.uasset" 397
"E:/dev/unreal/FungusFarm 4.25/Content/FungusFarm/Assets/Textures/Lab-Condenser_01.uasset" 398
"E:/dev/unreal/FungusFarm 4.25/Content/FungusFarm/Assets/Sprites/Lab-Condenser_01_Sprite.uasset" 399
"E:/dev/unreal/FungusFarm 4.25/Content/FungusFarm/Blueprints/Equipment/LabEquipment/LabCondenser_BP.uasset" 400
"E:/dev/unreal/FungusFarm 4.25/Content/FungusFarm/Assets/Textures/Lab-Workbench_01.uasset" 401
"E:/dev/unreal/FungusFarm 4.25/Content/FungusFarm/Assets/Sprites/Lab-Workbench_01_Sprite.uasset" 402
"E:/dev/unreal/FungusFarm 4.25/Content/FungusFarm/Blueprints/Equipment/LabEquipment/LabConstructor_BP.uasset" 403
"E:/dev/unreal/FungusFarm 4.25/Content/FungusFarm/Assets/Textures/Lab-Furnace_02.uasset" 404
"E:/dev/unreal/FungusFarm 4.25/Content/FungusFarm/Assets/Sprites/Lab-Furnace_02_Sprite.uasset" 405
"E:/dev/unreal/FungusFarm 4.25/Content/FungusFarm/Blueprints/Equipment/LabEquipment/LabFurnace2_BP.uasset" 406
"E:/dev/unreal/FungusFarm 4.25/Content/FungusFarm/Assets/Textures/Lab-Furnace_01.uasset" 407
"E:/dev/unreal/FungusFarm 4.25/Content/FungusFarm/Assets/Sprites/Lab-Furnace_01_Sprite.uasset" 408
"E:/dev/unreal/FungusFarm 4.25/Content/FungusFarm/Blueprints/Equipment/LabEquipment/LabFurnace_BP.uasset" 409
"E:/dev/unreal/FungusFarm 4.25/Content/FungusFarm/Blueprints/UI/LabEquipment/FF_LabEquip_Mgmt_Menu.uasset" 410
"E:/dev/unreal/FungusFarm 4.25/Content/FungusFarm/Blueprints/Equipment/LabEquipment/LabMortarAndPestle_BP.uasset" 411
"E:/dev/unreal/FungusFarm 4.25/Content/FungusFarm/Assets/Textures/Lab-Press_02.uasset" 412
"E:/dev/unreal/FungusFarm 4.25/Content/FungusFarm/Assets/Sprites/Lab-Press_02_Sprite.uasset" 413
"E:/dev/unreal/FungusFarm 4.25/Content/FungusFarm/Blueprints/Equipment/LabEquipment/LabPress2_BP.uasset" 414
"E:/dev/unreal/FungusFarm 4.25/Content/FungusFarm/Assets/Textures/Lab-Press_01.uasset" 415
"E:/dev/unreal/FungusFarm 4.25/Content/FungusFarm/Assets/Sprites/Lab-Press_01_Sprite.uasset" 416
"E:/dev/unreal/FungusFarm 4.25/Content/FungusFarm/Blueprints/Equipment/LabEquipment/LabPress_BP.uasset" 417
"E:/dev/unreal/FungusFarm 4.25/Content/FungusFarm/Blueprints/Equipment/SpiritTotems/SpiritTotem_Target.uasset" 418
"E:/dev/unreal/FungusFarm 4.25/Content/FungusFarm/Assets/Sprites/SoulPearl_512_Sprite.uasset" 419
"E:/dev/unreal/FungusFarm 4.25/Content/FungusFarm/Blueprints/Equipment/SpiritTotems/SpiritTotemBase_BP.uasset" 420
"E:/dev/unreal/FungusFarm 4.25/Content/FungusFarm/Blueprints/Equipment/SpiritTotems/SpiritTotem_WhiteButtonHarvest_BP.uasset" 421
"E:/dev/unreal/FungusFarm 4.25/Content/FungusFarm/Data/EquipmentData.uasset" 422
"E:/dev/unreal/FungusFarm 4.25/Content/FungusFarm/Data/EquipmentModData.uasset" 423
"E:/dev/unreal/FungusFarm 4.25/Content/FungusFarm/Data/GoodsData.uasset" 424
"E:/dev/unreal/FungusFarm 4.25/Content/FungusFarm/Blueprints/FF_GameState.uasset" 425
"E:/dev/unreal/FungusFarm 4.25/Content/FungusFarm/Blueprints/ResourceNodes/PhsxDropResourceNode.uasset" 426
"E:/dev/unreal/FungusFarm 4.25/Content/FungusFarm/Blueprints/ResourceNodes/PhsxDropDropper.uasset" 427
"E:/dev/unreal/FungusFarm 4.25/Content/FungusFarm/Assets/Textures/Scenery/CaveRocks_Purple_02.uasset" 428
"E:/dev/unreal/FungusFarm 4.25/Content/FungusFarm/Assets/Sprites/CaveRocks_Purple_02_Sprite.uasset" 429
"E:/dev/unreal/FungusFarm 4.25/Content/FungusFarm/Blueprints/Equipment/FarmManagerBase_BP.uasset" 430
"E:/dev/unreal/FungusFarm 4.25/Content/FungusFarm/Assets/Sound/Effects/PopShort_01.uasset" 431
"E:/dev/unreal/FungusFarm 4.25/Content/FungusFarm/Assets/Sound/Effects/PopShort_01_Cue.uasset" 432
"E:/dev/unreal/FungusFarm 4.25/Content/FungusFarm/Assets/Sound/Effects/PopShort_02.uasset" 433
"E:/dev/unreal/FungusFarm 4.25/Content/FungusFarm/Assets/Sound/Effects/PopShort_02_Cue.uasset" 434
"E:/dev/unreal/FungusFarm 4.25/Content/FungusFarm/Blueprints/Crops/CropBase_BP.uasset" 435
"E:/dev/unreal/FungusFarm 4.25/Content/FungusFarm/Assets/Textures/UMG/Recycle_64.uasset" 436
"E:/dev/unreal/FungusFarm 4.25/Content/FungusFarm/Blueprints/Equipment/Widgets/GrowthProgressWidget.uasset" 437
"E:/dev/unreal/FungusFarm 4.25/Content/FungusFarm/Blueprints/Equipment/CropPlots/CropPlotBase_BP.uasset" 438
"E:/dev/unreal/FungusFarm 4.25/Content/FungusFarm/Blueprints/LevelState_Struct.uasset" 439
"E:/dev/unreal/FungusFarm 4.25/Content/FungusFarm/Blueprints/GoodsInventoryItem_Struct.uasset" 440
"E:/dev/unreal/FungusFarm 4.25/Content/FungusFarm/Blueprints/MarketPurchaseItem_Struct.uasset" 441
"E:/dev/unreal/FungusFarm 4.25/Content/FungusFarm/Blueprints/Meeple.uasset" 442
"E:/dev/unreal/FungusFarm 4.25/Content/FungusFarm/Blueprints/Dev/RecipeMapDev_BP.uasset" 443
"E:/dev/unreal/FungusFarm 4.25/Content/FungusFarm/Blueprints/Equipment/PlaceableEquipmentModTarget_BP.uasset" 444
"E:/dev/unreal/FungusFarm 4.25/Content/FungusFarm/Assets/Sprites/CropPlot_01_Sprite.uasset" 445
"E:/dev/unreal/FungusFarm 4.25/Content/FungusFarm/Blueprints/Equipment/CropPlots/CropPlotBasic_BP.uasset" 446
"E:/dev/unreal/FungusFarm 4.25/Content/FungusFarm/Assets/Textures/CropPlotNormal_01.uasset" 447
"E:/dev/unreal/FungusFarm 4.25/Content/FungusFarm/Assets/Sprites/CropPlotNormal_01_Sprite.uasset" 448
"E:/dev/unreal/FungusFarm 4.25/Content/FungusFarm/Blueprints/Equipment/CropPlots/CropPlotNormal_BP.uasset" 449
"E:/dev/unreal/FungusFarm 4.25/Content/FungusFarm/Blueprints/Equipment/EquipmentMods/FarmManagerModEquipment.uasset" 450
"E:/dev/unreal/FungusFarm 4.25/Content/FungusFarm/Blueprints/Goals/ActorGoalsComponent_BP.uasset" 451
"E:/dev/unreal/FungusFarm 4.25/Content/FungusFarm/Blueprints/Goals/GoalGiver_BP.uasset" 452
"E:/dev/unreal/FungusFarm 4.25/Content/FungusFarm/Blueprints/ModifiableAttributes/ModifiableAttributes.uasset" 453
"E:/dev/unreal/FungusFarm 4.25/Content/FungusFarm/Assets/Sound/Effects/BeadClack_01.uasset" 454
"E:/dev/unreal/FungusFarm 4.25/Content/FungusFarm/Assets/Sound/Effects/BeadClack_01_Cue.uasset" 455
"E:/dev/unreal/FungusFarm 4.25/Content/FungusFarm/Assets/Sound/Effects/BeadClack_02.uasset" 456
"E:/dev/unreal/FungusFarm 4.25/Content/FungusFarm/Assets/Sound/Effects/BeadClack_02_Cue.uasset" 457
"E:/dev/unreal/FungusFarm 4.25/Content/FungusFarm/Assets/Sound/Effects/BeadClack_03.uasset" 458
"E:/dev/unreal/FungusFarm 4.25/Content/FungusFarm/Assets/Sound/Effects/BeadClack_03_Cue.uasset" 459
"E:/dev/unreal/FungusFarm 4.25/Content/FungusFarm/Assets/Sound/Effects/BeadCrunch.uasset" 460
"E:/dev/unreal/FungusFarm 4.25/Content/FungusFarm/Assets/Sound/Effects/BeadCrunch_Cue.uasset" 461
"E:/dev/unreal/FungusFarm 4.25/Content/FungusFarm/Blueprints/ResourceNodes/SoulPearlDrop_ResourceNode.uasset" 462
"E:/dev/unreal/FungusFarm 4.25/Content/FungusFarm/Blueprints/SaveLoad/FFDefaultSavePreset_BP.uasset" 463
"E:/dev/unreal/FungusFarm 4.25/Content/FungusFarm/Blueprints/SaveLoad/FFSavePreset.uasset" 464
"E:/dev/unreal/FungusFarm 4.25/Content/FungusFarm/Blueprints/SaveLoad/FF_SaveInfo.uasset" 465
"E:/dev/unreal/FungusFarm 4.25/Content/FungusFarm/Blueprints/SaveLoad/FF_SaveInfo_Farm.uasset" 466
"E:/dev/unreal/FungusFarm 4.25/Content/FungusFarm/Blueprints/SaveLoad/FF_SlotData.uasset" 467
"E:/dev/unreal/FungusFarm 4.25/Content/FungusFarm/Blueprints/SaveLoad/FF_SlotData_Farm.uasset" 468
"E:/dev/unreal/FungusFarm 4.25/Content/FungusFarm/Blueprints/SaveLoad/FFSavePreset_Farm.uasset" 469
"E:/dev/unreal/FungusFarm 4.25/Content/FungusFarm/Blueprints/UI/ItemCards/FF_InventoryItemCard_Widget_UNUSED.uasset" 470
"E:/dev/unreal/FungusFarm 4.25/Content/FungusFarm/Blueprints/UI/ItemCards/FF_Invpanel.uasset" 471
"E:/dev/unreal/FungusFarm 4.25/Content/FungusFarm/Blueprints/UI/Market/FF_MarketInventory.uasset" 472
"E:/dev/unreal/FungusFarm 4.25/Content/FungusFarm/Blueprints/UI/PlayerHUD/FF_InventoryMonitorHud.uasset" 473
"E:/dev/unreal/FungusFarm 4.25/Content/FungusFarm/Blueprints/UI/Toolbar/FF_EquipmentToolbarButton.uasset" 474
"E:/dev/unreal/FungusFarm 4.25/Content/FungusFarm/Data/CropTestData.uasset" 475
"E:/dev/unreal/FungusFarm 4.25/Content/FungusFarm/Data/FarmManagerModsData.uasset" 476
"E:/dev/unreal/FungusFarm 4.25/Content/FungusFarm/Data/GoalProviderProperties.uasset" 477
"E:/dev/unreal/FungusFarm 4.25/Content/FungusFarm/Data/SecondaryGoals_BlueTribe001.uasset" 478
"E:/dev/unreal/FungusFarm 4.25/Content/FungusFarm/Data/SecondaryGoals_BlueTribe_SpiritTrader01.uasset" 479
"E:/dev/unreal/FungusFarm 4.25/Content/FungusFarm/Data/SecondaryGoals_BlueTribe_SpiritTraderEnd.uasset" 480
"E:/dev/unreal/FungusFarm 4.25/Content/FungusFarm/Data/SecondaryGoals_EndgameMain.uasset" 481
"E:/dev/unreal/FungusFarm 4.25/Content/FungusFarm/Data/SecondaryGoals_Quests001.uasset" 482
"E:/dev/unreal/FungusFarm 4.25/Content/FungusFarm/Data/SecondaryGoals_RedTribe001.uasset" 483
"E:/dev/unreal/FungusFarm 4.25/Content/FungusFarm/Data/SecondaryGoals_RedTribe_SpiritTrader01.uasset" 484
"E:/dev/unreal/FungusFarm 4.25/Content/FungusFarm/Data/SecondaryGoals_RedTribe_SpiritTraderEnd.uasset" 485
"E:/dev/unreal/FungusFarm 4.25/Content/FungusFarm/Data/SecondaryGoals_Test.uasset" 486
"E:/dev/unreal/FungusFarm 4.25/Content/FungusFarm/Data/SecondaryGoals_WhiteTribe001.uasset" 487
"E:/dev/unreal/FungusFarm 4.25/Content/FungusFarm/Data/SecondaryGoals_WhiteTribe_SpiritTrader01.uasset" 488
"E:/dev/unreal/FungusFarm 4.25/Content/FungusFarm/Data/SecondaryGoals_WhiteTribe_SpiritTraderEnd.uasset" 489
"E:/dev/unreal/FungusFarm 4.25/Content/FungusFarm/Data/SecondaryGoals_YellowTribe001.uasset" 490
"../../../Engine/Content/Animation/DefaultAnimCurveCompressionSettings.uasset" 491
"../../../Engine/Content/ArtTools/RenderToTexture/Meshes/S_1_Unit_Plane.uasset" 492
"../../../Engine/Content/EngineMaterials/DefaultMaterial.uasset" 493
"../../../Engine/Content/BasicShapes/Cone.uasset" 494
"../../../Engine/Content/BasicShapes/Sphere.uasset" 495
"../../../Engine/Content/EditorLandscapeResources/DataLayer.uasset" 496
"../../../Engine/Content/EditorMaterials/MAT_Groups_Toggle.uasset" 497
"../../../Engine/Content/EditorMaterials/MAT_Groups_Visibility.uasset" 498
"../../../Engine/Content/EditorMaterials/PreviewShadowIndicator.uasset" 499
"../../../Engine/Content/EditorMaterials/PreviewShadowIndicatorMaterial.uasset" 500
"../../../Engine/Content/EditorMaterials/MatineeGroups/MAT_ColorTrack.uasset" 501
"../../../Engine/Content/EditorMaterials/MatineeGroups/MAT_Groups_Anim.uasset" 502
"../../../Engine/Content/EditorMaterials/MatineeGroups/MAT_Groups_AudioMaster.uasset" 503
"../../../Engine/Content/EditorMaterials/MatineeGroups/MAT_Groups_Director.uasset" 504
"../../../Engine/Content/EditorMaterials/MatineeGroups/MAT_Groups_Event.uasset" 505
"../../../Engine/Content/EditorMaterials/MatineeGroups/MAT_Groups_Fade.uasset" 506
"../../../Engine/Content/EditorMaterials/MatineeGroups/MAT_Groups_Float.uasset" 507
"../../../Engine/Content/EditorMaterials/MatineeGroups/MAT_Groups_Move.uasset" 508
"../../../Engine/Content/EditorMaterials/MatineeGroups/MAT_Groups_Slomo.uasset" 509
"../../../Engine/Content/EditorMaterials/MatineeGroups/MAT_Groups_Sound.uasset" 510
"../../../Engine/Content/EditorMaterials/MatineeGroups/MAT_Groups_Vector.uasset" 511
"../../../Engine/Content/EditorMaterials/ParticleSystems/PSysThumbnail_NoImage.uasset" 512
"../../../Engine/Content/EditorMaterials/ParticleSystems/PSysThumbnail_OOD.uasset" 513
"../../../Engine/Content/EditorMaterials/Camera/CineMat.uasset" 514
"../../../Engine/Content/EditorMaterials/Camera/MI_CineMat_Rig.uasset" 515
"../../../Engine/Content/EditorMeshes/Camera/SM_CraneRig_Arm.uasset" 516
"../../../Engine/Content/EditorMeshes/Camera/SM_CraneRig_Base.uasset" 517
"../../../Engine/Content/EditorMeshes/Camera/SM_CraneRig_Body.uasset" 518
"../../../Engine/Content/EditorMeshes/Camera/SM_CraneRig_Mount.uasset" 519
"../../../Engine/Content/EditorMeshes/Camera/SM_RailRig_Mount.uasset" 520
"../../../Engine/Content/EditorMeshes/Camera/SM_RailRig_Track.uasset" 521
"../../../Engine/Content/EditorResources/BSPVertex.uasset" 522
"../../../Engine/Content/EditorResources/EmptyActor.uasset" 523
"../../../Engine/Content/EditorResources/S_Actor.uasset" 524
"../../../Engine/Content/EditorResources/S_Note.uasset" 525
"../../../Engine/Content/EditorResources/S_Solver.uasset" 526
"../../../Engine/Content/EditorResources/S_Trigger.uasset" 527
"../../../Engine/Content/EditorResources/LightIcons/S_LightError.uasset" 528
"../../../Engine/Content/EditorResources/SequenceRecorder/Countdown.uasset" 529
"../../../Engine/Content/EditorResources/SequenceRecorder/RecordingIndicator.uasset" 530
"../../../Engine/Content/EditorSounds/Notifications/CompileFailed.uasset" 531
"../../../Engine/Content/EditorSounds/Notifications/CompileFailed_Cue.uasset" 532
"../../../Engine/Content/EditorSounds/Notifications/CompileSuccess.uasset" 533
"../../../Engine/Content/EditorSounds/Notifications/CompileStart_Cue.uasset" 534
"../../../Engine/Content/EditorSounds/Notifications/CompileSuccess_Cue.uasset" 535
"../../../Engine/Content/EngineDamageTypes/DmgTypeBP_Environmental.uasset" 536
"../../../Engine/Content/EngineDebugMaterials/DebugEditorMaterial.uasset" 537
"../../../Engine/Content/EngineDebugMaterials/DebugMeshMaterial.uasset" 538
"../../../Engine/Content/EngineDebugMaterials/M_SimpleUnlitTranslucent.uasset" 539
"../../../Engine/Content/Functions/Engine_MaterialFunctions02/Utility/CameraDirectionVector.uasset" 540
"../../../Engine/Content/EngineDebugMaterials/VolumeToRender.uasset" 541
"../../../Engine/Content/EngineDebugMaterials/M_VolumeRenderSphereTracePP.uasset" 542
"../../../Engine/Content/EngineDebugMaterials/WireframeMaterial.uasset" 543
"../../../Engine/Content/EngineFonts/Faces/DroidSansFallback.uasset" 544
"../../../Engine/Content/EngineFonts/Faces/RobotoBold.uasset" 545
"../../../Engine/Content/EngineFonts/Faces/RobotoBoldItalic.uasset" 546
"../../../Engine/Content/EngineFonts/Faces/RobotoItalic.uasset" 547
"../../../Engine/Content/EngineFonts/Faces/RobotoLight.uasset" 548
"../../../Engine/Content/EngineFonts/Faces/RobotoRegular.uasset" 549
"../../../Engine/Content/EngineFonts/Roboto.uasset" 550
"../../../Engine/Content/EngineMaterials/BaseFlattenDiffuseMap.uasset" 551
"../../../Engine/Content/EngineMaterials/BaseFlattenEmissiveMap.uasset" 552
"../../../Engine/Content/EngineMaterials/BaseFlattenGrayscaleMap.uasset" 553
"../../../Engine/Content/EngineMaterials/BaseFlattenNormalMap.uasset" 554
"../../../Engine/Content/EngineMaterials/BaseFlattenMaterial.uasset" 555
"../../../Engine/Content/EngineMaterials/BlueNoise.uasset" 556
"../../../Engine/Content/EngineMaterials/DefaultBloomKernel.uasset" 557
"../../../Engine/Content/EngineMaterials/DefaultBokeh.uasset" 558
"../../../Engine/Content/EngineMaterials/DefaultDeferredDecalMaterial.uasset" 559
"../../../Engine/Content/EngineMaterials/DefaultLightFunctionMaterial.uasset" 560
"../../../Engine/Content/EngineMaterials/DefaultPhysicalMaterial.uasset" 561
"../../../Engine/Content/EngineMaterials/DefaultPostProcessMaterial.uasset" 562
"../../../Engine/Content/EngineMaterials/DefaultTextMaterialOpaque.uasset" 563
"../../../Engine/Content/EngineMaterials/DefaultWhiteGrid.uasset" 564
"../../../Engine/Content/EngineMaterials/DefaultWhiteGrid_Low.uasset" 565
"../../../Engine/Content/EngineMaterials/EmissiveMeshMaterial.uasset" 566
"../../../Engine/Content/EngineMaterials/GizmoMaterial.uasset" 567
"../../../Engine/Content/EngineMaterials/Good64x64TilingNoiseHighFreq.uasset" 568
"../../../Engine/Content/EngineMaterials/MiniFont.uasset" 569
"../../../Engine/Content/EngineMaterials/InvalidLightmapSettings.uasset" 570
"../../../Engine/Content/EngineMaterials/M_InvalidLightmapSettings.uasset" 571
"../../../Engine/Content/Functions/Engine_MaterialFunctions02/WorldPositionOffset/CameraOffset.uasset" 572
"../../../Engine/Content/EngineMaterials/PhAT_JointLimitMaterial.uasset" 573
"../../../Engine/Content/EngineMaterials/PreintegratedSkinBRDF.uasset" 574
"../../../Engine/Content/EngineMaterials/RemoveSurfaceMaterial.uasset" 575
"../../../Engine/Content/EngineMaterials/WeightMapPlaceholderTexture.uasset" 576
"../../../Engine/Content/EngineMaterials/Widget3DPassThrough.uasset" 577
"../../../Engine/Content/EngineMaterials/Widget3DPassThrough_Masked.uasset" 578
"../../../Engine/Content/EngineMaterials/Widget3DPassThrough_Opaque.uasset" 579
"../../../Engine/Content/EngineMaterials/Widget3DPassThrough_Masked_OneSided.uasset" 580
"../../../Engine/Content/EngineMaterials/Widget3DPassThrough_Opaque_OneSided.uasset" 581
"../../../Engine/Content/EngineMaterials/Widget3DPassThrough_Translucent.uasset" 582
"../../../Engine/Content/EngineMaterials/Widget3DPassThrough_Translucent_OneSided.uasset" 583
"../../../Engine/Content/EngineMeshes/Cylinder.uasset" 584
"../../../Engine/Content/EngineMeshes/Sphere.uasset" 585
"../../../Engine/Content/EngineResources/Black.uasset" 586
"../../../Engine/Content/EngineResources/DefaultTexture.uasset" 587
"../../../Engine/Content/EngineResources/DefaultTextureCube.uasset" 588
"../../../Engine/Content/EngineResources/DefaultVolumeTexture2D.uasset" 589
"../../../Engine/Content/EngineResources/DefaultVolumeTexture.uasset" 590
"../../../Engine/Content/EngineResources/GradientTexture0.uasset" 591
"../../../Engine/Content/Functions/Engine_MaterialFunctions01/Shading/ConvertFromDiffSpec.uasset" 592
"../../../Engine/Content/Functions/Engine_MaterialFunctions01/Shading/PowerToRoughness.uasset" 593
"../../../Engine/Content/Maps/Templates/Thumbnails/Default.uasset" 594
"../../../Engine/Content/Maps/Templates/Thumbnails/TimeOfDay.uasset" 595
"../../../Engine/Content/Maps/Templates/Thumbnails/VR-Basic.uasset" 596
"../../../Engine/Content/MobileResources/T_MobileControls_texture.uasset" 597
"../../../Engine/Content/MobileResources/T_MobileMenu2.uasset" 598
"../../../Engine/Content/MobileResources/HUD/AnalogHat.uasset" 599
"../../../Engine/Content/MobileResources/HUD/VirtualJoystick_Background.uasset" 600
"../../../Engine/Content/MobileResources/HUD/VirtualJoystick_Thumb.uasset" 601
"../../../Engine/Content/MobileResources/HUD/DefaultVirtualJoysticks.uasset" 602
"../../../Engine/Content/MobileResources/HUD/LeftVirtualJoystickOnly.uasset" 603
"../../../Engine/Content/MobileResources/HUD/MobileHUDButton1_off.uasset" 604
"../../../Engine/Content/MobileResources/HUD/MobileHUDButton1_on.uasset" 605
"../../../Engine/Content/MobileResources/HUD/MobileHUDButton2_off.uasset" 606
"../../../Engine/Content/MobileResources/HUD/MobileHUDButton2_on.uasset" 607
"../../../Engine/Content/MobileResources/HUD/MobileHUDButton3.uasset" 608
"../../../Engine/Content/MobileResources/HUD/MobileHUDButtonFire.uasset" 609
"../../../Engine/Content/MobileResources/HUD/MobileHUDDirectionPad.uasset" 610
"../../../Engine/Content/MobileResources/HUD/MobileHUDDirectionPad2.uasset" 611
"../../../Engine/Content/MobileResources/HUD/MobileHUDDirectionPad3.uasset" 612
"../../../Engine/Content/MobileResources/HUD/MobileHUDDirectionStick.uasset" 613
"../../../Engine/Content/MobileResources/HUD/T_Castle_ThumbstickInner.uasset" 614
"../../../Engine/Content/MobileResources/HUD/T_Castle_ThumbstickOutter.uasset" 615
"../../../Engine/Content/Tutorial/ContentIntroCurve.uasset" 616
"../../../Engine/Content/Tutorial/Basics/LevelEditorAttract.uasset" 617
"../../../Engine/Content/Tutorial/Basics/TutorialAssets/icon_tab_Levels_40x.uasset" 618
"../../../Engine/Content/Tutorial/Basics/LevelEditorOverview.uasset" 619
"../../../Engine/Content/Tutorial/SubEditors/GettingSubstance.uasset" 620
"../../../Engine/Content/VREditor/LaserPointer/VR_LaserPower_01.uasset" 621
"../../../Engine/Content/VREditor/TransformGizmo/TransformGizmoMaterial.uasset" 622
"../../../Engine/Content/VREditor/TransformGizmo/TranslucentTransformGizmoMaterial.uasset" 623
"../../../Engine/Content/VREditor/TransformGizmo/BoundingBoxCorner.uasset" 624
"../../../Engine/Content/VREditor/TransformGizmo/BoundingBoxEdge.uasset" 625
"../../../Engine/Content/VREditor/TransformGizmo/PlaneTranslationHandle.uasset" 626
"../../../Engine/Content/VREditor/TransformGizmo/Main.uasset" 627
"../../../Engine/Content/VREditor/TransformGizmo/Xray.uasset" 628
"../../../Engine/Content/VREditor/TransformGizmo/SM_Sequencer_Key.uasset" 629
"../../../Engine/Content/VREditor/TransformGizmo/SM_Sequencer_Node.uasset" 630
"../../Plugins/2D/Paper2D/Content/DummySprite.uasset" 631
"../../Plugins/2D/Paper2D/Content/DefaultPaperTerrainMaterial.uasset" 632
"../../Plugins/2D/Paper2D/Content/MaskedUnlitSpriteMaterial.uasset" 633
"../../Plugins/2D/Paper2D/Content/OpaqueUnlitSpriteMaterial.uasset" 634
"../../Plugins/FX/Niagara/Content/Enums/ENiagaraBooleanLogicOps.uasset" 635
"../../Plugins/FX/Niagara/Content/Enums/ENiagaraOrientationAxis.uasset" 636
"E:/dev/unreal/FungusFarm 4.25/Content/FungusFarm/Maps/Cave_01_map.umap" 637
"E:/dev/unreal/FungusFarm 4.25/Content/FungusFarm/Data/GameplayGoalsData_Standard.uasset" 638
"E:/dev/unreal/FungusFarm 4.25/Content/FungusFarm/Blueprints/FFNormalGameMode_BP.uasset" 639
"E:/dev/unreal/FungusFarm 4.25/Content/FungusFarm/Assets/Sound/Effects/Scratch_02.uasset" 640
"E:/dev/unreal/FungusFarm 4.25/Content/FungusFarm/Assets/Sound/Effects/Scratch_02_Cue.uasset" 641
"E:/dev/unreal/FungusFarm 4.25/Content/FungusFarm/Blueprints/ResourceNodes/LoamResourceNode.uasset" 642
"E:/dev/unreal/FungusFarm 4.25/Content/FungusFarm/Assets/Sound/Effects/Drip_01.uasset" 643
"E:/dev/unreal/FungusFarm 4.25/Content/FungusFarm/Assets/Sound/Effects/Drip_01_Cue.uasset" 644
"E:/dev/unreal/FungusFarm 4.25/Content/FungusFarm/Assets/Sound/Effects/Drip_02.uasset" 645
"E:/dev/unreal/FungusFarm 4.25/Content/FungusFarm/Assets/Sound/Effects/Drip_02_Cue.uasset" 646
"E:/dev/unreal/FungusFarm 4.25/Content/FungusFarm/Assets/Textures/CaveWater_512.uasset" 647
"E:/dev/unreal/FungusFarm 4.25/Content/FungusFarm/Assets/Sprites/CaveWater_512_Sprite.uasset" 648
"E:/dev/unreal/FungusFarm 4.25/Content/FungusFarm/Blueprints/ResourceNodes/WaterResourceNode.uasset" 649
"E:/dev/unreal/FungusFarm 4.25/Content/FungusFarm/Maps/Forest_01_map_BuiltData.uasset" 650
"../../../Engine/Content/BasicShapes/BasicShapeMaterial.uasset" 651
"E:/dev/unreal/FungusFarm 4.25/Content/FungusFarm/Assets/Materials/FF_BasicColor_M.uasset" 652
"E:/dev/unreal/FungusFarm 4.25/Content/FungusFarm/Assets/Materials/FF_BasicColorBlack_M_Inst.uasset" 653
"../../../Engine/Content/BasicShapes/Cube.uasset" 654
"E:/dev/unreal/FungusFarm 4.25/Content/FungusFarm/Assets/Textures/Scenery/CaveRocks_Purple_01.uasset" 655
"E:/dev/unreal/FungusFarm 4.25/Content/FungusFarm/Assets/Sprites/CaveRocks_Purple_01_Sprite.uasset" 656
"E:/dev/unreal/FungusFarm 4.25/Content/FungusFarm/Assets/Textures/Scenery/CaveRocks_Purple_Pillar_01.uasset" 657
"E:/dev/unreal/FungusFarm 4.25/Content/FungusFarm/Assets/Sprites/CaveRocks_Purple_Pillar_01_Sprite.uasset" 658
"E:/dev/unreal/FungusFarm 4.25/Content/FungusFarm/Maps/Forest_01_map.umap" 659
"E:/dev/unreal/FungusFarm 4.25/Content/FungusFarm/Assets/Particles/FairydewSplat/FairydewRibbonMaterial.uasset" 660
"E:/dev/unreal/FungusFarm 4.25/Content/FungusFarm/Assets/Textures/Fairydew_Drop_256.uasset" 661
"E:/dev/unreal/FungusFarm 4.25/Content/FungusFarm/Assets/Particles/FairydewSplat/FairydewSpriteMaterial.uasset" 662
"../../Plugins/FX/Niagara/Content/DynamicInputs/Angles/NormalizedAngleToDegrees.uasset" 663
"../../Plugins/FX/Niagara/Content/DynamicInputs/Helpers/SimulationPosition.uasset" 664
"../../Plugins/FX/Niagara/Content/DynamicInputs/TypeConversions/Vector2DFromFloat.uasset" 665
"../../Plugins/FX/Niagara/Content/Enums/ENiagaraRandomnessMode.uasset" 666
"../../Plugins/FX/Niagara/Content/Functions/GetRandomInfo.uasset" 667
"../../Plugins/FX/Niagara/Content/Functions/RandomRangeFloat.uasset" 668
"../../Plugins/FX/Niagara/Content/DynamicInputs/UniformRange/UniformRangedFloat.uasset" 669
"../../Plugins/FX/Niagara/Content/Functions/RandomRangeInteger.uasset" 670
"../../Plugins/FX/Niagara/Content/DynamicInputs/UniformRange/UniformRangedInt.uasset" 671
"../../Plugins/FX/Niagara/Content/DynamicInputs/ValueFromCurve/FloatFromCurve.uasset" 672
"../../Plugins/FX/Niagara/Content/Functions/Localspace/SimulationPosition.uasset" 673
"../../Plugins/FX/Niagara/Content/Functions/Emitter/EmitterChangeState.uasset" 674
"../../Plugins/FX/Niagara/Content/Enums/ENiagara_EmitterStateOptions.uasset" 675
"../../Plugins/FX/Niagara/Content/Enums/ENiagara_InfiniteLoopDuration.uasset" 676
"../../Plugins/FX/Niagara/Content/Enums/ENiagaraEmitterLifeCycleMode.uasset" 677
"../../Plugins/FX/Niagara/Content/Enums/ENiagaraEmitterScalabilityMode_Limited.uasset" 678
"../../Plugins/FX/Niagara/Content/Enums/ENiagaraExecutionStateManagement.uasset" 679
"../../Plugins/FX/Niagara/Content/Enums/ENiagaraInactiveMode.uasset" 680
"../../Plugins/FX/Niagara/Content/Modules/Emitter/EmitterState.uasset" 681
"../../Plugins/FX/Niagara/Content/Modules/Emitter/SpawnBurst_Instantaneous.uasset" 682
"../../Plugins/FX/Niagara/Content/Functions/Helpers/AdvancePositionWithAcceleration.uasset" 683
"../../Plugins/FX/Niagara/Content/DefaultAssets/Structs/LocationEvent.uasset" 684
"../../Plugins/FX/Niagara/Content/Modules/Events/GenerateLocationEvent.uasset" 685
"../../Plugins/FX/Niagara/Content/Modules/Events/ReceiveLocationEvent.uasset" 686
"../../Plugins/FX/Niagara/Content/Functions/DirectionAndLengthSafe.uasset" 687
"../../Plugins/FX/Niagara/Content/Modules/Solvers/SolveForcesAndVelocity.uasset" 688
"../../Plugins/FX/Niagara/Content/Modules/Spawn/Initialization/InitializeParticle.uasset" 689
"../../Plugins/FX/Niagara/Content/Modules/Spawn/Initialization/InitializeRibbon.uasset" 690
"../../Plugins/FX/Niagara/Content/Enums/ENiagaraCoordinateSpace.uasset" 691
"../../Plugins/FX/Niagara/Content/Functions/Localspace/TransformBase.uasset" 692
"../../Plugins/FX/Niagara/Content/Functions/Localspace/TransformVector.uasset" 693
"../../Plugins/FX/Niagara/Content/Functions/Rotation/FindQuatBetween.uasset" 694
"../../Plugins/FX/Niagara/Content/Functions/Rotation/MultiplyVectorWithQuaternion.uasset" 695
"../../Plugins/FX/Niagara/Content/Functions/Math/ConeSphereIntersection.uasset" 696
"../../Plugins/FX/Niagara/Content/Functions/SphericalToCartesianCoordinates.uasset" 697
"../../Plugins/FX/Niagara/Content/Modules/Spawn/Location/ConeLocation.uasset" 698
"../../Plugins/FX/Niagara/Content/Functions/RandomPointInSphere.uasset" 699
"../../Plugins/FX/Niagara/Content/Enums/ENiagaraExpansionMode.uasset" 700
"../../Plugins/FX/Niagara/Content/Enums/ENiagaraTorusDistributionMode.uasset" 701
"../../Plugins/FX/Niagara/Content/Modules/Spawn/Location/SphereLocation.uasset" 702
"../../Plugins/FX/Niagara/Content/Functions/Rotation/MultiplyQuaternion.uasset" 703
"../../Plugins/FX/Niagara/Content/Functions/Rotation/AxisAngleToQuaternion.uasset" 704
"../../Plugins/FX/Niagara/Content/Modules/Solvers/ApplyRotationVector.uasset" 705
"../../Plugins/FX/Niagara/Content/Enums/ENiagaraMeshTransforms.uasset" 706
"../../Plugins/FX/Niagara/Content/Modules/Spawn/Orientation/V2/InitialMeshOrientation.uasset" 707
"../../Plugins/FX/Niagara/Content/Functions/NormalizeDistanceRange.uasset" 708
"../../Plugins/FX/Niagara/Content/Functions/DistanceBasedFalloff.uasset" 709
"../../Plugins/FX/Niagara/Content/Functions/RandomUnitVector.uasset" 710
"../../Plugins/FX/Niagara/Content/Functions/RandomVector.uasset" 711
"../../Plugins/FX/Niagara/Content/Modules/Spawn/Velocity/AddVelocityFromPoint.uasset" 712
"../../Plugins/FX/Niagara/Content/Functions/System/SystemChangeState.uasset" 713
"../../Plugins/FX/Niagara/Content/Enums/ENiagaraSystemInactiveMode.uasset" 714
"../../Plugins/FX/Niagara/Content/Modules/System/SystemState.uasset" 715
"../../Plugins/FX/Niagara/Content/Modules/Update/Color/Color.uasset" 716
"../../Plugins/FX/Niagara/Content/Enums/ENiagaraScaleColorMode.uasset" 717
"../../Plugins/FX/Niagara/Content/Modules/Update/Color/ScaleColor.uasset" 718
"../../Plugins/FX/Niagara/Content/Modules/Update/Forces/Drag.uasset" 719
"../../Plugins/FX/Niagara/Content/Modules/Update/Forces/GravityForce.uasset" 720
"../../Plugins/FX/Niagara/Content/Modules/Update/Lifetime/ParticleState.uasset" 721
"../../Plugins/FX/Niagara/Content/Enums/ENiagaraMassByVolume.uasset" 722
"../../Plugins/FX/Niagara/Content/Modules/Update/Mass/CalculateSizeAndRotationalInertiaByMass.uasset" 723
"../../Plugins/FX/Niagara/Content/Modules/Update/Size/ScaleSpriteSize.uasset" 724
"E:/dev/unreal/FungusFarm 4.25/Content/FungusFarm/Assets/Particles/FairydewSplat/FairydewSplat_NS.uasset" 725
"E:/dev/unreal/FungusFarm 4.25/Content/FungusFarm/Assets/Materials/FFLiquidSpritePhysMaterial.uasset" 726
"E:/dev/unreal/FungusFarm 4.25/Content/FungusFarm/Assets/Sprites/Fairydew_Drop_256_Sprite.uasset" 727
"E:/dev/unreal/FungusFarm 4.25/Content/FungusFarm/Assets/Sprites/Fairydew_Flat_256_Sprite.uasset" 728
"E:/dev/unreal/FungusFarm 4.25/Content/FungusFarm/Blueprints/ResourceNodes/FairydewDrop_ResourceNode.uasset" 729
"E:/dev/unreal/FungusFarm 4.25/Content/FungusFarm/Assets/Sound/Effects/Snip_01.uasset" 730
"E:/dev/unreal/FungusFarm 4.25/Content/FungusFarm/Assets/Sound/Effects/Snip_01_Cue.uasset" 731
"../../Plugins/2D/Paper2D/Content/TranslucentUnlitSpriteMaterial.uasset" 732
"E:/dev/unreal/FungusFarm 4.25/Content/FungusFarm/Assets/Textures/Spiderweb01_256.uasset" 733
"E:/dev/unreal/FungusFarm 4.25/Content/FungusFarm/Assets/Sprites/Spiderweb01_256_Sprite.uasset" 734
"E:/dev/unreal/FungusFarm 4.25/Content/FungusFarm/Assets/Textures/Spiderweb01Broken_256.uasset" 735
"E:/dev/unreal/FungusFarm 4.25/Content/FungusFarm/Assets/Sprites/Spiderweb01Broken_256_Sprite.uasset" 736
"E:/dev/unreal/FungusFarm 4.25/Content/FungusFarm/Blueprints/ResourceNodes/WebResourceNode.uasset" 737
"E:/dev/unreal/FungusFarm 4.25/Content/FungusFarm/Maps/GameWorld_Persist_BuiltData.uasset" 738
"../../../Engine/Content/Functions/Engine_MaterialFunctions02/Utility/Swizzle.uasset" 739
"../../../Engine/Content/Functions/Engine_MaterialFunctions01/Texturing/BrickAndTileUVs.uasset" 740
"E:/dev/unreal/FungusFarm 4.25/Content/FungusFarm/Assets/Materials/Panel_M.uasset" 741
"E:/dev/unreal/FungusFarm 4.25/Content/FungusFarm/Assets/Materials/Panel_M_Inst.uasset" 742
"E:/dev/unreal/FungusFarm 4.25/Content/FungusFarm/Assets/Textures/Scenery/MossGlow_Side_Emissive_256.uasset" 743
"E:/dev/unreal/FungusFarm 4.25/Content/FungusFarm/Assets/Materials/FF_GlowMoss_MaskedSprite_M.uasset" 744
"E:/dev/unreal/FungusFarm 4.25/Content/FungusFarm/Assets/Materials/FF_GlowMossSide01_MI.uasset" 745
"E:/dev/unreal/FungusFarm 4.25/Content/FungusFarm/Assets/Sprites/MossGlow_Side_256_Sprite.uasset" 746
"E:/dev/unreal/FungusFarm 4.25/Content/FungusFarm/Assets/Textures/Scenery/MossTop01_Drips_Emissive_256.uasset" 747
"E:/dev/unreal/FungusFarm 4.25/Content/FungusFarm/Assets/Materials/FF_GlowMossDrips01_MI.uasset" 748
"E:/dev/unreal/FungusFarm 4.25/Content/FungusFarm/Assets/Sprites/MossTop01_Drips_256_Sprite.uasset" 749
"E:/dev/unreal/FungusFarm 4.25/Content/FungusFarm/Assets/Textures/Scenery/WoodArch_02.uasset" 750
"E:/dev/unreal/FungusFarm 4.25/Content/FungusFarm/Assets/Sprites/WoodArch_02_Sprite.uasset" 751
"E:/dev/unreal/FungusFarm 4.25/Content/FungusFarm/Assets/Textures/Scenery/WoodPillar_01.uasset" 752
"E:/dev/unreal/FungusFarm 4.25/Content/FungusFarm/Assets/Sprites/WoodPillar_01_Sprite.uasset" 753
"E:/dev/unreal/FungusFarm 4.25/Content/FungusFarm/Assets/Textures/Scenery/WoodPillar_02.uasset" 754
"E:/dev/unreal/FungusFarm 4.25/Content/FungusFarm/Assets/Sprites/WoodPillar_02_Sprite.uasset" 755
"E:/dev/unreal/FungusFarm 4.25/Content/FungusFarm/Maps/GameWorld_Persist.umap" 756
"E:/dev/unreal/FungusFarm 4.25/Content/FungusFarm/Maps/Home_01_map_BuiltData.uasset" 757
"E:/dev/unreal/FungusFarm 4.25/Content/FungusFarm/Maps/Home_01_map.umap" 758
"E:/dev/unreal/FungusFarm 4.25/Content/FungusFarm/Maps/Lab_01_map_BuiltData.uasset" 759
"../../../Engine/Content/BasicShapes/Cylinder.uasset" 760
"E:/dev/unreal/FungusFarm 4.25/Content/FungusFarm/Maps/Lab_01_map.umap" 761
"E:/dev/unreal/FungusFarm 4.25/Content/FungusFarm/Maps/SpiritTotems_01_map_BuiltData.uasset" 762
"E:/dev/unreal/FungusFarm 4.25/Content/FungusFarm/Maps/SpiritTotems_01_map.umap" 763
"../../../Engine/Content/Maps/Entry_BuiltData.uasset" 764
"../../../Engine/Content/Maps/Entry.umap" 765
